#-----------------------------------------------------------
# Vivado v2019.1 (64-bit)
# SW Build 2552052 on Fri May 24 14:49:42 MDT 2019
# IP Build 2548770 on Fri May 24 18:01:18 MDT 2019
# Start of session at: Sun Nov 21 06:14:13 2021
# Process ID: 13664
# Current directory: C:/Users/OAkun/Documents/GitHub/Asynchronous-FIFO/VerilogCode/AsysnchronousFIFO
# Command line: vivado.exe -gui_launcher_event rodinguilauncherevent11784 C:\Users\OAkun\Documents\GitHub\Asynchronous-FIFO\VerilogCode\AsysnchronousFIFO\AsysnchronousFIFO.xpr
# Log file: C:/Users/OAkun/Documents/GitHub/Asynchronous-FIFO/VerilogCode/AsysnchronousFIFO/vivado.log
# Journal file: C:/Users/OAkun/Documents/GitHub/Asynchronous-FIFO/VerilogCode/AsysnchronousFIFO\vivado.jou
#-----------------------------------------------------------
start_gui
open_project C:/Users/OAkun/Documents/GitHub/Asynchronous-FIFO/VerilogCode/AsysnchronousFIFO/AsysnchronousFIFO.xpr
Scanning sources...
Finished scanning sources
INFO: [IP_Flow 19-234] Refreshing IP repositories
INFO: [IP_Flow 19-1704] No user IP repositories specified
INFO: [IP_Flow 19-2313] Loaded Vivado IP repository 'C:/Xilinx/Vivado/2019.1/data/ip'.
open_project: Time (s): cpu = 00:00:30 ; elapsed = 00:00:18 . Memory (MB): peak = 855.770 ; gain = 219.688
close [ open C:/Users/OAkun/Documents/GitHub/Asynchronous-FIFO/VerilogCode/AsysnchronousFIFO/AsysnchronousFIFO.srcs/sources_1/new/Clk500Hz.v w ]
add_files C:/Users/OAkun/Documents/GitHub/Asynchronous-FIFO/VerilogCode/AsysnchronousFIFO/AsysnchronousFIFO.srcs/sources_1/new/Clk500Hz.v
close [ open C:/Users/OAkun/Documents/GitHub/Asynchronous-FIFO/VerilogCode/AsysnchronousFIFO/AsysnchronousFIFO.srcs/sources_1/new/OneShot.v w ]
add_files C:/Users/OAkun/Documents/GitHub/Asynchronous-FIFO/VerilogCode/AsysnchronousFIFO/AsysnchronousFIFO.srcs/sources_1/new/OneShot.v
exit
INFO: [Common 17-206] Exiting Vivado at Sun Nov 21 06:33:11 2021...
