#-----------------------------------------------------------
# Vivado v2019.1 (64-bit)
# SW Build 2552052 on Fri May 24 14:49:42 MDT 2019
# IP Build 2548770 on Fri May 24 18:01:18 MDT 2019
# Start of session at: Tue Nov 16 15:38:52 2021
# Process ID: 10072
# Current directory: C:/Users/OAkun/Documents/GitHub/Asynchronous-FIFO/VerilogCode/AsysnchronousFIFO
# Command line: vivado.exe -gui_launcher_event rodinguilauncherevent12420 C:\Users\OAkun\Documents\GitHub\Asynchronous-FIFO\VerilogCode\AsysnchronousFIFO\AsysnchronousFIFO.xpr
# Log file: C:/Users/OAkun/Documents/GitHub/Asynchronous-FIFO/VerilogCode/AsysnchronousFIFO/vivado.log
# Journal file: C:/Users/OAkun/Documents/GitHub/Asynchronous-FIFO/VerilogCode/AsysnchronousFIFO\vivado.jou
#-----------------------------------------------------------
start_gui
open_project C:/Users/OAkun/Documents/GitHub/Asynchronous-FIFO/VerilogCode/AsysnchronousFIFO/AsysnchronousFIFO.xpr
Scanning sources...
Finished scanning sources
INFO: [IP_Flow 19-234] Refreshing IP repositories
INFO: [IP_Flow 19-1704] No user IP repositories specified
INFO: [IP_Flow 19-2313] Loaded Vivado IP repository 'C:/Xilinx/Vivado/2019.1/data/ip'.
open_project: Time (s): cpu = 00:00:21 ; elapsed = 00:00:11 . Memory (MB): peak = 856.230 ; gain = 216.508
close [ open C:/Users/OAkun/Documents/GitHub/Asynchronous-FIFO/VerilogCode/AsysnchronousFIFO/AsysnchronousFIFO.srcs/sources_1/new/AsynchronousFIFOTop.v w ]
add_files C:/Users/OAkun/Documents/GitHub/Asynchronous-FIFO/VerilogCode/AsysnchronousFIFO/AsysnchronousFIFO.srcs/sources_1/new/AsynchronousFIFOTop.v
