#-----------------------------------------------------------
# Vivado v2019.1 (64-bit)
# SW Build 2552052 on Fri May 24 14:49:42 MDT 2019
# IP Build 2548770 on Fri May 24 18:01:18 MDT 2019
# Start of session at: Sat Nov 20 14:03:50 2021
# Process ID: 17600
# Current directory: C:/Users/OAkun/Documents/GitHub/Asynchronous-FIFO/AsynchronousFIFOTB
# Command line: vivado.exe -gui_launcher_event rodinguilauncherevent15160 C:\Users\OAkun\Documents\GitHub\Asynchronous-FIFO\AsynchronousFIFOTB\AsynchronousFIFOTB.xpr
# Log file: C:/Users/OAkun/Documents/GitHub/Asynchronous-FIFO/AsynchronousFIFOTB/vivado.log
# Journal file: C:/Users/OAkun/Documents/GitHub/Asynchronous-FIFO/AsynchronousFIFOTB\vivado.jou
#-----------------------------------------------------------
start_gui
open_project C:/Users/OAkun/Documents/GitHub/Asynchronous-FIFO/AsynchronousFIFOTB/AsynchronousFIFOTB.xpr
Scanning sources...
Finished scanning sources
INFO: [IP_Flow 19-234] Refreshing IP repositories
INFO: [IP_Flow 19-1704] No user IP repositories specified
INFO: [IP_Flow 19-2313] Loaded Vivado IP repository 'C:/Xilinx/Vivado/2019.1/data/ip'.
open_project: Time (s): cpu = 00:00:15 ; elapsed = 00:00:09 . Memory (MB): peak = 854.047 ; gain = 199.383
launch_simulation
INFO: [Vivado 12-5682] Launching behavioral simulation in 'C:/Users/OAkun/Documents/GitHub/Asynchronous-FIFO/AsynchronousFIFOTB/AsynchronousFIFOTB.sim/sim_1/behav/xsim'
INFO: [SIM-utils-51] Simulation object is 'sim_1'
INFO: [SIM-utils-54] Inspecting design source files for 'async_fifo1_tb' in fileset 'sim_1'...
INFO: [USF-XSim-97] Finding global include files...
INFO: [USF-XSim-98] Fetching design files from 'sim_1'...
INFO: [USF-XSim-2] XSim::Compile design
INFO: [USF-XSim-61] Executing 'COMPILE and ANALYZE' step in 'C:/Users/OAkun/Documents/GitHub/Asynchronous-FIFO/AsynchronousFIFOTB/AsynchronousFIFOTB.sim/sim_1/behav/xsim'
"xvlog --incr --relax -prj async_fifo1_tb_vlog.prj"
INFO: [USF-XSim-69] 'compile' step finished in '1' seconds
INFO: [USF-XSim-3] XSim::Elaborate design
INFO: [USF-XSim-61] Executing 'ELABORATE' step in 'C:/Users/OAkun/Documents/GitHub/Asynchronous-FIFO/AsynchronousFIFOTB/AsynchronousFIFOTB.sim/sim_1/behav/xsim'
"xelab -wto 66677596808b4bc9b44e0302b8a147fe --incr --debug typical --relax --mt 2 -L xil_defaultlib -L unisims_ver -L unimacro_ver -L secureip --snapshot async_fifo1_tb_behav xil_defaultlib.async_fifo1_tb xil_defaultlib.glbl -log elaborate.log"
Vivado Simulator 2019.1
Copyright 1986-1999, 2001-2019 Xilinx, Inc. All Rights Reserved.
Running: C:/Xilinx/Vivado/2019.1/bin/unwrapped/win64.o/xelab.exe -wto 66677596808b4bc9b44e0302b8a147fe --incr --debug typical --relax --mt 2 -L xil_defaultlib -L unisims_ver -L unimacro_ver -L secureip --snapshot async_fifo1_tb_behav xil_defaultlib.async_fifo1_tb xil_defaultlib.glbl -log elaborate.log 
Using 2 slave threads.
Starting static elaboration
Completed static elaboration
INFO: [XSIM 43-4323] No Change in HDL. Linking previously generated obj files to create kernel
INFO: [USF-XSim-69] 'elaborate' step finished in '2' seconds
INFO: [USF-XSim-4] XSim::Simulate design
INFO: [USF-XSim-61] Executing 'SIMULATE' step in 'C:/Users/OAkun/Documents/GitHub/Asynchronous-FIFO/AsynchronousFIFOTB/AsynchronousFIFOTB.sim/sim_1/behav/xsim'
INFO: [USF-XSim-98] *** Running xsim
   with args "async_fifo1_tb_behav -key {Behavioral:sim_1:Functional:async_fifo1_tb} -tclbatch {async_fifo1_tb.tcl} -log {simulate.log}"
INFO: [USF-XSim-8] Loading simulator feature
Vivado Simulator 2019.1
Time resolution is 1 ps
source async_fifo1_tb.tcl
# set curr_wave [current_wave_config]
# if { [string length $curr_wave] == 0 } {
#   if { [llength [get_objects]] > 0} {
#     add_wave /
#     set_property needs_save false [current_wave_config]
#   } else {
#      send_msg_id Add_Wave-1 WARNING "No top level signals found. Simulator will start without a wave window. If you want to open a wave window go to 'File->New Waveform Configuration' or type 'create_wave_config' in the TCL console."
#   }
# }
WARNING: Simulation object /async_fifo1_tb/verif_data_q was not traceable in the design for the following reason:
Vivado Simulator does not support tracing of System Verilog Dynamic Type object.
# run 1000ns
Checking rdata: expected wdata = 07, rdata = 07
Checking rdata: expected wdata = 1a, rdata = 1a
INFO: [USF-XSim-96] XSim completed. Design snapshot 'async_fifo1_tb_behav' loaded.
INFO: [USF-XSim-97] XSim simulation ran for 1000ns
launch_simulation: Time (s): cpu = 00:00:11 ; elapsed = 00:00:08 . Memory (MB): peak = 886.809 ; gain = 27.840
close_sim
INFO: [Simtcl 6-16] Simulation closed
exit
INFO: [Common 17-206] Exiting Vivado at Sat Nov 20 18:05:31 2021...
