#-----------------------------------------------------------
# Vivado v2019.1 (64-bit)
# SW Build 2552052 on Fri May 24 14:49:42 MDT 2019
# IP Build 2548770 on Fri May 24 18:01:18 MDT 2019
# Start of session at: Fri Jan  7 11:47:07 2022
# Process ID: 13784
# Current directory: C:/Users/OAkun/Documents/GitHub/Asynchronous-FIFO/AsynchronousFIFOSystemVerilog
# Command line: vivado.exe -gui_launcher_event rodinguilauncherevent20072 C:\Users\OAkun\Documents\GitHub\Asynchronous-FIFO\AsynchronousFIFOSystemVerilog\AsynchronousFIFOSystemVerilog.xpr
# Log file: C:/Users/OAkun/Documents/GitHub/Asynchronous-FIFO/AsynchronousFIFOSystemVerilog/vivado.log
# Journal file: C:/Users/OAkun/Documents/GitHub/Asynchronous-FIFO/AsynchronousFIFOSystemVerilog\vivado.jou
#-----------------------------------------------------------
start_gui
open_project C:/Users/OAkun/Documents/GitHub/Asynchronous-FIFO/AsynchronousFIFOSystemVerilog/AsynchronousFIFOSystemVerilog.xpr
Scanning sources...
Finished scanning sources
INFO: [IP_Flow 19-234] Refreshing IP repositories
INFO: [IP_Flow 19-1704] No user IP repositories specified
INFO: [IP_Flow 19-2313] Loaded Vivado IP repository 'C:/Xilinx/Vivado/2019.1/data/ip'.
open_project: Time (s): cpu = 00:00:22 ; elapsed = 00:00:15 . Memory (MB): peak = 855.391 ; gain = 193.457
file mkdir C:/Users/OAkun/Documents/GitHub/Asynchronous-FIFO/AsynchronousFIFOSystemVerilog/AsynchronousFIFOSystemVerilog.srcs/sources_1/new
close [ open C:/Users/OAkun/Documents/GitHub/Asynchronous-FIFO/AsynchronousFIFOSystemVerilog/AsynchronousFIFOSystemVerilog.srcs/sources_1/new/sync_w2r.sv w ]
add_files C:/Users/OAkun/Documents/GitHub/Asynchronous-FIFO/AsynchronousFIFOSystemVerilog/AsynchronousFIFOSystemVerilog.srcs/sources_1/new/sync_w2r.sv
close [ open C:/Users/OAkun/Documents/GitHub/Asynchronous-FIFO/AsynchronousFIFOSystemVerilog/AsynchronousFIFOSystemVerilog.srcs/sources_1/new/wptr_full.sv w ]
add_files C:/Users/OAkun/Documents/GitHub/Asynchronous-FIFO/AsynchronousFIFOSystemVerilog/AsynchronousFIFOSystemVerilog.srcs/sources_1/new/wptr_full.sv
close [ open C:/Users/OAkun/Documents/GitHub/Asynchronous-FIFO/AsynchronousFIFOSystemVerilog/AsynchronousFIFOSystemVerilog.srcs/sources_1/new/fifomem.sv w ]
add_files C:/Users/OAkun/Documents/GitHub/Asynchronous-FIFO/AsynchronousFIFOSystemVerilog/AsynchronousFIFOSystemVerilog.srcs/sources_1/new/fifomem.sv
close [ open C:/Users/OAkun/Documents/GitHub/Asynchronous-FIFO/AsynchronousFIFOSystemVerilog/AsynchronousFIFOSystemVerilog.srcs/sources_1/new/sync_r2w.sv w ]
add_files C:/Users/OAkun/Documents/GitHub/Asynchronous-FIFO/AsynchronousFIFOSystemVerilog/AsynchronousFIFOSystemVerilog.srcs/sources_1/new/sync_r2w.sv
close [ open C:/Users/OAkun/Documents/GitHub/Asynchronous-FIFO/AsynchronousFIFOSystemVerilog/AsynchronousFIFOSystemVerilog.srcs/sources_1/new/rptr_empty.sv w ]
add_files C:/Users/OAkun/Documents/GitHub/Asynchronous-FIFO/AsynchronousFIFOSystemVerilog/AsynchronousFIFOSystemVerilog.srcs/sources_1/new/rptr_empty.sv
close [ open C:/Users/OAkun/Documents/GitHub/Asynchronous-FIFO/AsynchronousFIFOSystemVerilog/AsynchronousFIFOSystemVerilog.srcs/sources_1/new/fifo1.sv w ]
add_files C:/Users/OAkun/Documents/GitHub/Asynchronous-FIFO/AsynchronousFIFOSystemVerilog/AsynchronousFIFOSystemVerilog.srcs/sources_1/new/fifo1.sv
update_compile_order -fileset sources_1
update_compile_order -fileset sources_1
update_compile_order -fileset sources_1
update_compile_order -fileset sources_1
update_compile_order -fileset sources_1
update_compile_order -fileset sources_1
update_compile_order -fileset sources_1
update_compile_order -fileset sources_1
update_compile_order -fileset sources_1
update_compile_order -fileset sources_1
update_compile_order -fileset sources_1
update_compile_order -fileset sources_1
exit
INFO: [Common 17-206] Exiting Vivado at Fri Jan  7 18:10:16 2022...
