
*** Running vivado
    with args -log fifo1.vds -m64 -product Vivado -mode batch -messageDb vivado.pb -notrace -source fifo1.tcl


****** Vivado v2019.1 (64-bit)
  **** SW Build 2552052 on Fri May 24 14:49:42 MDT 2019
  **** IP Build 2548770 on Fri May 24 18:01:18 MDT 2019
    ** Copyright 1986-2019 Xilinx, Inc. All Rights Reserved.

source fifo1.tcl -notrace
Command: synth_design -top fifo1 -part xc7a100tcsg324-1
Starting synth_design
Attempting to get a license for feature 'Synthesis' and/or device 'xc7a100t'
INFO: [Common 17-349] Got license for feature 'Synthesis' and/or device 'xc7a100t'
INFO: [Device 21-403] Loading part xc7a100tcsg324-1
INFO: Launching helper process for spawning children vivado processes
INFO: Helper process launched with PID 21476 
---------------------------------------------------------------------------------
Starting RTL Elaboration : Time (s): cpu = 00:00:03 ; elapsed = 00:00:04 . Memory (MB): peak = 845.504 ; gain = 178.234
---------------------------------------------------------------------------------
INFO: [Synth 8-6157] synthesizing module 'fifo1' [C:/Users/OAkun/Documents/GitHub/Asynchronous-FIFO/AsynchronousFIFOSystemVerilog/AsynchronousFIFOSystemVerilog.srcs/sources_1/new/fifo1.sv:50]
	Parameter DSIZE bound to: 8 - type: integer 
	Parameter ASIZE bound to: 4 - type: integer 
INFO: [Synth 8-6157] synthesizing module 'fifo1Inter' [C:/Users/OAkun/Documents/GitHub/Asynchronous-FIFO/AsynchronousFIFOSystemVerilog/AsynchronousFIFOSystemVerilog.srcs/sources_1/new/fifo1.sv:19]
	Parameter DSIZE bound to: 8 - type: integer 
	Parameter ASIZE bound to: 4 - type: integer 
INFO: [Synth 8-6155] done synthesizing module 'fifo1Inter' (0#1) [C:/Users/OAkun/Documents/GitHub/Asynchronous-FIFO/AsynchronousFIFOSystemVerilog/AsynchronousFIFOSystemVerilog.srcs/sources_1/new/fifo1.sv:19]
INFO: [Synth 8-6157] synthesizing module 'sync_r2w' [C:/Users/OAkun/Documents/GitHub/Asynchronous-FIFO/AsynchronousFIFOSystemVerilog/AsynchronousFIFOSystemVerilog.srcs/sources_1/new/sync_r2w.sv:18]
	Parameter ADDRSIZE bound to: 4 - type: integer 
INFO: [Synth 8-6155] done synthesizing module 'sync_r2w' (1#1) [C:/Users/OAkun/Documents/GitHub/Asynchronous-FIFO/AsynchronousFIFOSystemVerilog/AsynchronousFIFOSystemVerilog.srcs/sources_1/new/sync_r2w.sv:18]
INFO: [Synth 8-6157] synthesizing module 'sync_w2r' [C:/Users/OAkun/Documents/GitHub/Asynchronous-FIFO/AsynchronousFIFOSystemVerilog/AsynchronousFIFOSystemVerilog.srcs/sources_1/new/sync_w2r.sv:19]
	Parameter ADDRSIZE bound to: 4 - type: integer 
INFO: [Synth 8-6155] done synthesizing module 'sync_w2r' (2#1) [C:/Users/OAkun/Documents/GitHub/Asynchronous-FIFO/AsynchronousFIFOSystemVerilog/AsynchronousFIFOSystemVerilog.srcs/sources_1/new/sync_w2r.sv:19]
INFO: [Synth 8-6157] synthesizing module 'fifomem' [C:/Users/OAkun/Documents/GitHub/Asynchronous-FIFO/AsynchronousFIFOSystemVerilog/AsynchronousFIFOSystemVerilog.srcs/sources_1/new/fifomem.sv:18]
	Parameter DATASIZE bound to: 8 - type: integer 
	Parameter ADDRSIZE bound to: 4 - type: integer 
	Parameter DEPTH bound to: 16 - type: integer 
WARNING: [Synth 8-3848] Net fifomem_mod\.wfull in module/entity fifomem does not have driver. [C:/Users/OAkun/Documents/GitHub/Asynchronous-FIFO/AsynchronousFIFOSystemVerilog/AsynchronousFIFOSystemVerilog.srcs/sources_1/new/fifomem.sv:20]
INFO: [Synth 8-6155] done synthesizing module 'fifomem' (3#1) [C:/Users/OAkun/Documents/GitHub/Asynchronous-FIFO/AsynchronousFIFOSystemVerilog/AsynchronousFIFOSystemVerilog.srcs/sources_1/new/fifomem.sv:18]
INFO: [Synth 8-6157] synthesizing module 'rptr_empty' [C:/Users/OAkun/Documents/GitHub/Asynchronous-FIFO/AsynchronousFIFOSystemVerilog/AsynchronousFIFOSystemVerilog.srcs/sources_1/new/rptr_empty.sv:16]
	Parameter ADDRSIZE bound to: 4 - type: integer 
INFO: [Synth 8-6155] done synthesizing module 'rptr_empty' (4#1) [C:/Users/OAkun/Documents/GitHub/Asynchronous-FIFO/AsynchronousFIFOSystemVerilog/AsynchronousFIFOSystemVerilog.srcs/sources_1/new/rptr_empty.sv:16]
INFO: [Synth 8-6157] synthesizing module 'wptr_full' [C:/Users/OAkun/Documents/GitHub/Asynchronous-FIFO/AsynchronousFIFOSystemVerilog/AsynchronousFIFOSystemVerilog.srcs/sources_1/new/wptr_full.sv:16]
	Parameter ADDRSIZE bound to: 4 - type: integer 
INFO: [Synth 8-6155] done synthesizing module 'wptr_full' (5#1) [C:/Users/OAkun/Documents/GitHub/Asynchronous-FIFO/AsynchronousFIFOSystemVerilog/AsynchronousFIFOSystemVerilog.srcs/sources_1/new/wptr_full.sv:16]
INFO: [Synth 8-6155] done synthesizing module 'fifo1' (6#1) [C:/Users/OAkun/Documents/GitHub/Asynchronous-FIFO/AsynchronousFIFOSystemVerilog/AsynchronousFIFOSystemVerilog.srcs/sources_1/new/fifo1.sv:50]
WARNING: [Synth 8-3331] design wptr_full has unconnected port wptr_full_mod\.rdata[7]
WARNING: [Synth 8-3331] design wptr_full has unconnected port wptr_full_mod\.rdata[6]
WARNING: [Synth 8-3331] design wptr_full has unconnected port wptr_full_mod\.rdata[5]
WARNING: [Synth 8-3331] design wptr_full has unconnected port wptr_full_mod\.rdata[4]
WARNING: [Synth 8-3331] design wptr_full has unconnected port wptr_full_mod\.rdata[3]
WARNING: [Synth 8-3331] design wptr_full has unconnected port wptr_full_mod\.rdata[2]
WARNING: [Synth 8-3331] design wptr_full has unconnected port wptr_full_mod\.rdata[1]
WARNING: [Synth 8-3331] design wptr_full has unconnected port wptr_full_mod\.rdata[0]
WARNING: [Synth 8-3331] design wptr_full has unconnected port wptr_full_mod\.rempty
WARNING: [Synth 8-3331] design wptr_full has unconnected port wptr_full_mod\.wdata[7]
WARNING: [Synth 8-3331] design wptr_full has unconnected port wptr_full_mod\.wdata[6]
WARNING: [Synth 8-3331] design wptr_full has unconnected port wptr_full_mod\.wdata[5]
WARNING: [Synth 8-3331] design wptr_full has unconnected port wptr_full_mod\.wdata[4]
WARNING: [Synth 8-3331] design wptr_full has unconnected port wptr_full_mod\.wdata[3]
WARNING: [Synth 8-3331] design wptr_full has unconnected port wptr_full_mod\.wdata[2]
WARNING: [Synth 8-3331] design wptr_full has unconnected port wptr_full_mod\.wdata[1]
WARNING: [Synth 8-3331] design wptr_full has unconnected port wptr_full_mod\.wdata[0]
WARNING: [Synth 8-3331] design wptr_full has unconnected port wptr_full_mod\.wclken
WARNING: [Synth 8-3331] design wptr_full has unconnected port wptr_full_mod\.rinc
WARNING: [Synth 8-3331] design wptr_full has unconnected port wptr_full_mod\.rclk
WARNING: [Synth 8-3331] design wptr_full has unconnected port wptr_full_mod\.rrst_n
WARNING: [Synth 8-3331] design wptr_full has unconnected port wptr_full_mod\.raddr[3]
WARNING: [Synth 8-3331] design wptr_full has unconnected port wptr_full_mod\.raddr[2]
WARNING: [Synth 8-3331] design wptr_full has unconnected port wptr_full_mod\.raddr[1]
WARNING: [Synth 8-3331] design wptr_full has unconnected port wptr_full_mod\.raddr[0]
WARNING: [Synth 8-3331] design wptr_full has unconnected port wptr_full_mod\.rptr[4]
WARNING: [Synth 8-3331] design wptr_full has unconnected port wptr_full_mod\.rptr[3]
WARNING: [Synth 8-3331] design wptr_full has unconnected port wptr_full_mod\.rptr[2]
WARNING: [Synth 8-3331] design wptr_full has unconnected port wptr_full_mod\.rptr[1]
WARNING: [Synth 8-3331] design wptr_full has unconnected port wptr_full_mod\.rptr[0]
WARNING: [Synth 8-3331] design wptr_full has unconnected port wptr_full_mod\.rq2_wptr[4]
WARNING: [Synth 8-3331] design wptr_full has unconnected port wptr_full_mod\.rq2_wptr[3]
WARNING: [Synth 8-3331] design wptr_full has unconnected port wptr_full_mod\.rq2_wptr[2]
WARNING: [Synth 8-3331] design wptr_full has unconnected port wptr_full_mod\.rq2_wptr[1]
WARNING: [Synth 8-3331] design wptr_full has unconnected port wptr_full_mod\.rq2_wptr[0]
WARNING: [Synth 8-3331] design rptr_empty has unconnected port rptr_empty_mod\.rdata[7]
WARNING: [Synth 8-3331] design rptr_empty has unconnected port rptr_empty_mod\.rdata[6]
WARNING: [Synth 8-3331] design rptr_empty has unconnected port rptr_empty_mod\.rdata[5]
WARNING: [Synth 8-3331] design rptr_empty has unconnected port rptr_empty_mod\.rdata[4]
WARNING: [Synth 8-3331] design rptr_empty has unconnected port rptr_empty_mod\.rdata[3]
WARNING: [Synth 8-3331] design rptr_empty has unconnected port rptr_empty_mod\.rdata[2]
WARNING: [Synth 8-3331] design rptr_empty has unconnected port rptr_empty_mod\.rdata[1]
WARNING: [Synth 8-3331] design rptr_empty has unconnected port rptr_empty_mod\.rdata[0]
WARNING: [Synth 8-3331] design rptr_empty has unconnected port rptr_empty_mod\.wfull
WARNING: [Synth 8-3331] design rptr_empty has unconnected port rptr_empty_mod\.wdata[7]
WARNING: [Synth 8-3331] design rptr_empty has unconnected port rptr_empty_mod\.wdata[6]
WARNING: [Synth 8-3331] design rptr_empty has unconnected port rptr_empty_mod\.wdata[5]
WARNING: [Synth 8-3331] design rptr_empty has unconnected port rptr_empty_mod\.wdata[4]
WARNING: [Synth 8-3331] design rptr_empty has unconnected port rptr_empty_mod\.wdata[3]
WARNING: [Synth 8-3331] design rptr_empty has unconnected port rptr_empty_mod\.wdata[2]
WARNING: [Synth 8-3331] design rptr_empty has unconnected port rptr_empty_mod\.wdata[1]
WARNING: [Synth 8-3331] design rptr_empty has unconnected port rptr_empty_mod\.wdata[0]
WARNING: [Synth 8-3331] design rptr_empty has unconnected port rptr_empty_mod\.wclken
WARNING: [Synth 8-3331] design rptr_empty has unconnected port rptr_empty_mod\.winc
WARNING: [Synth 8-3331] design rptr_empty has unconnected port rptr_empty_mod\.wclk
WARNING: [Synth 8-3331] design rptr_empty has unconnected port rptr_empty_mod\.wrst_n
WARNING: [Synth 8-3331] design rptr_empty has unconnected port rptr_empty_mod\.waddr[3]
WARNING: [Synth 8-3331] design rptr_empty has unconnected port rptr_empty_mod\.waddr[2]
WARNING: [Synth 8-3331] design rptr_empty has unconnected port rptr_empty_mod\.waddr[1]
WARNING: [Synth 8-3331] design rptr_empty has unconnected port rptr_empty_mod\.waddr[0]
WARNING: [Synth 8-3331] design rptr_empty has unconnected port rptr_empty_mod\.wptr[4]
WARNING: [Synth 8-3331] design rptr_empty has unconnected port rptr_empty_mod\.wptr[3]
WARNING: [Synth 8-3331] design rptr_empty has unconnected port rptr_empty_mod\.wptr[2]
WARNING: [Synth 8-3331] design rptr_empty has unconnected port rptr_empty_mod\.wptr[1]
WARNING: [Synth 8-3331] design rptr_empty has unconnected port rptr_empty_mod\.wptr[0]
WARNING: [Synth 8-3331] design rptr_empty has unconnected port rptr_empty_mod\.wq2_rptr[4]
WARNING: [Synth 8-3331] design rptr_empty has unconnected port rptr_empty_mod\.wq2_rptr[3]
WARNING: [Synth 8-3331] design rptr_empty has unconnected port rptr_empty_mod\.wq2_rptr[2]
WARNING: [Synth 8-3331] design rptr_empty has unconnected port rptr_empty_mod\.wq2_rptr[1]
WARNING: [Synth 8-3331] design rptr_empty has unconnected port rptr_empty_mod\.wq2_rptr[0]
WARNING: [Synth 8-3331] design fifomem has unconnected port fifomem_mod\.rempty
WARNING: [Synth 8-3331] design fifomem has unconnected port fifomem_mod\.winc
WARNING: [Synth 8-3331] design fifomem has unconnected port fifomem_mod\.wrst_n
WARNING: [Synth 8-3331] design fifomem has unconnected port fifomem_mod\.rinc
WARNING: [Synth 8-3331] design fifomem has unconnected port fifomem_mod\.rclk
WARNING: [Synth 8-3331] design fifomem has unconnected port fifomem_mod\.rrst_n
WARNING: [Synth 8-3331] design fifomem has unconnected port fifomem_mod\.wptr[4]
WARNING: [Synth 8-3331] design fifomem has unconnected port fifomem_mod\.wptr[3]
WARNING: [Synth 8-3331] design fifomem has unconnected port fifomem_mod\.wptr[2]
WARNING: [Synth 8-3331] design fifomem has unconnected port fifomem_mod\.wptr[1]
WARNING: [Synth 8-3331] design fifomem has unconnected port fifomem_mod\.wptr[0]
WARNING: [Synth 8-3331] design fifomem has unconnected port fifomem_mod\.rptr[4]
WARNING: [Synth 8-3331] design fifomem has unconnected port fifomem_mod\.rptr[3]
WARNING: [Synth 8-3331] design fifomem has unconnected port fifomem_mod\.rptr[2]
WARNING: [Synth 8-3331] design fifomem has unconnected port fifomem_mod\.rptr[1]
WARNING: [Synth 8-3331] design fifomem has unconnected port fifomem_mod\.rptr[0]
WARNING: [Synth 8-3331] design fifomem has unconnected port fifomem_mod\.wq2_rptr[4]
WARNING: [Synth 8-3331] design fifomem has unconnected port fifomem_mod\.wq2_rptr[3]
WARNING: [Synth 8-3331] design fifomem has unconnected port fifomem_mod\.wq2_rptr[2]
WARNING: [Synth 8-3331] design fifomem has unconnected port fifomem_mod\.wq2_rptr[1]
WARNING: [Synth 8-3331] design fifomem has unconnected port fifomem_mod\.wq2_rptr[0]
WARNING: [Synth 8-3331] design fifomem has unconnected port fifomem_mod\.rq2_wptr[4]
WARNING: [Synth 8-3331] design fifomem has unconnected port fifomem_mod\.rq2_wptr[3]
WARNING: [Synth 8-3331] design fifomem has unconnected port fifomem_mod\.rq2_wptr[2]
WARNING: [Synth 8-3331] design fifomem has unconnected port fifomem_mod\.rq2_wptr[1]
WARNING: [Synth 8-3331] design fifomem has unconnected port fifomem_mod\.rq2_wptr[0]
WARNING: [Synth 8-3331] design sync_w2r has unconnected port sync_w2r_mod\.rdata[7]
WARNING: [Synth 8-3331] design sync_w2r has unconnected port sync_w2r_mod\.rdata[6]
WARNING: [Synth 8-3331] design sync_w2r has unconnected port sync_w2r_mod\.rdata[5]
WARNING: [Synth 8-3331] design sync_w2r has unconnected port sync_w2r_mod\.rdata[4]
INFO: [Common 17-14] Message 'Synth 8-3331' appears 100 times and further instances of the messages will be disabled. Use the Tcl command set_msg_config to change the current settings.
---------------------------------------------------------------------------------
Finished RTL Elaboration : Time (s): cpu = 00:00:04 ; elapsed = 00:00:05 . Memory (MB): peak = 909.285 ; gain = 242.016
---------------------------------------------------------------------------------

Report Check Netlist: 
+------+------------------+-------+---------+-------+------------------+
|      |Item              |Errors |Warnings |Status |Description       |
+------+------------------+-------+---------+-------+------------------+
|1     |multi_driven_nets |      0|        0|Passed |Multi driven nets |
+------+------------------+-------+---------+-------+------------------+
---------------------------------------------------------------------------------
Start Handling Custom Attributes
---------------------------------------------------------------------------------
---------------------------------------------------------------------------------
Finished Handling Custom Attributes : Time (s): cpu = 00:00:04 ; elapsed = 00:00:06 . Memory (MB): peak = 909.285 ; gain = 242.016
---------------------------------------------------------------------------------
---------------------------------------------------------------------------------
Finished RTL Optimization Phase 1 : Time (s): cpu = 00:00:04 ; elapsed = 00:00:06 . Memory (MB): peak = 909.285 ; gain = 242.016
---------------------------------------------------------------------------------
INFO: [Project 1-570] Preparing netlist for logic optimization

Processing XDC Constraints
Initializing timing engine
Parsing XDC File [C:/Users/OAkun/Documents/GitHub/Asynchronous-FIFO/AsynchronousFIFOSystemVerilog/AsynchronousFIFOSystemVerilog.srcs/constrs_1/new/NEXYS4DDR.xdc]
WARNING: [Vivado 12-584] No ports matched 'clk'. [C:/Users/OAkun/Documents/GitHub/Asynchronous-FIFO/AsynchronousFIFOSystemVerilog/AsynchronousFIFOSystemVerilog.srcs/constrs_1/new/NEXYS4DDR.xdc:7]
CRITICAL WARNING: [Common 17-55] 'set_property' expects at least one object. [C:/Users/OAkun/Documents/GitHub/Asynchronous-FIFO/AsynchronousFIFOSystemVerilog/AsynchronousFIFOSystemVerilog.srcs/constrs_1/new/NEXYS4DDR.xdc:7]
Resolution: If [get_<value>] was used to populate the object, check to make sure this command returns at least one valid object.
WARNING: [Vivado 12-584] No ports matched 'a'. [C:/Users/OAkun/Documents/GitHub/Asynchronous-FIFO/AsynchronousFIFOSystemVerilog/AsynchronousFIFOSystemVerilog.srcs/constrs_1/new/NEXYS4DDR.xdc:60]
CRITICAL WARNING: [Common 17-55] 'set_property' expects at least one object. [C:/Users/OAkun/Documents/GitHub/Asynchronous-FIFO/AsynchronousFIFOSystemVerilog/AsynchronousFIFOSystemVerilog.srcs/constrs_1/new/NEXYS4DDR.xdc:60]
Resolution: If [get_<value>] was used to populate the object, check to make sure this command returns at least one valid object.
WARNING: [Vivado 12-584] No ports matched 'b'. [C:/Users/OAkun/Documents/GitHub/Asynchronous-FIFO/AsynchronousFIFOSystemVerilog/AsynchronousFIFOSystemVerilog.srcs/constrs_1/new/NEXYS4DDR.xdc:61]
CRITICAL WARNING: [Common 17-55] 'set_property' expects at least one object. [C:/Users/OAkun/Documents/GitHub/Asynchronous-FIFO/AsynchronousFIFOSystemVerilog/AsynchronousFIFOSystemVerilog.srcs/constrs_1/new/NEXYS4DDR.xdc:61]
Resolution: If [get_<value>] was used to populate the object, check to make sure this command returns at least one valid object.
WARNING: [Vivado 12-584] No ports matched 'c'. [C:/Users/OAkun/Documents/GitHub/Asynchronous-FIFO/AsynchronousFIFOSystemVerilog/AsynchronousFIFOSystemVerilog.srcs/constrs_1/new/NEXYS4DDR.xdc:62]
CRITICAL WARNING: [Common 17-55] 'set_property' expects at least one object. [C:/Users/OAkun/Documents/GitHub/Asynchronous-FIFO/AsynchronousFIFOSystemVerilog/AsynchronousFIFOSystemVerilog.srcs/constrs_1/new/NEXYS4DDR.xdc:62]
Resolution: If [get_<value>] was used to populate the object, check to make sure this command returns at least one valid object.
WARNING: [Vivado 12-584] No ports matched 'd'. [C:/Users/OAkun/Documents/GitHub/Asynchronous-FIFO/AsynchronousFIFOSystemVerilog/AsynchronousFIFOSystemVerilog.srcs/constrs_1/new/NEXYS4DDR.xdc:63]
CRITICAL WARNING: [Common 17-55] 'set_property' expects at least one object. [C:/Users/OAkun/Documents/GitHub/Asynchronous-FIFO/AsynchronousFIFOSystemVerilog/AsynchronousFIFOSystemVerilog.srcs/constrs_1/new/NEXYS4DDR.xdc:63]
Resolution: If [get_<value>] was used to populate the object, check to make sure this command returns at least one valid object.
WARNING: [Vivado 12-584] No ports matched 'e'. [C:/Users/OAkun/Documents/GitHub/Asynchronous-FIFO/AsynchronousFIFOSystemVerilog/AsynchronousFIFOSystemVerilog.srcs/constrs_1/new/NEXYS4DDR.xdc:64]
CRITICAL WARNING: [Common 17-55] 'set_property' expects at least one object. [C:/Users/OAkun/Documents/GitHub/Asynchronous-FIFO/AsynchronousFIFOSystemVerilog/AsynchronousFIFOSystemVerilog.srcs/constrs_1/new/NEXYS4DDR.xdc:64]
Resolution: If [get_<value>] was used to populate the object, check to make sure this command returns at least one valid object.
WARNING: [Vivado 12-584] No ports matched 'f'. [C:/Users/OAkun/Documents/GitHub/Asynchronous-FIFO/AsynchronousFIFOSystemVerilog/AsynchronousFIFOSystemVerilog.srcs/constrs_1/new/NEXYS4DDR.xdc:65]
CRITICAL WARNING: [Common 17-55] 'set_property' expects at least one object. [C:/Users/OAkun/Documents/GitHub/Asynchronous-FIFO/AsynchronousFIFOSystemVerilog/AsynchronousFIFOSystemVerilog.srcs/constrs_1/new/NEXYS4DDR.xdc:65]
Resolution: If [get_<value>] was used to populate the object, check to make sure this command returns at least one valid object.
WARNING: [Vivado 12-584] No ports matched 'g'. [C:/Users/OAkun/Documents/GitHub/Asynchronous-FIFO/AsynchronousFIFOSystemVerilog/AsynchronousFIFOSystemVerilog.srcs/constrs_1/new/NEXYS4DDR.xdc:66]
CRITICAL WARNING: [Common 17-55] 'set_property' expects at least one object. [C:/Users/OAkun/Documents/GitHub/Asynchronous-FIFO/AsynchronousFIFOSystemVerilog/AsynchronousFIFOSystemVerilog.srcs/constrs_1/new/NEXYS4DDR.xdc:66]
Resolution: If [get_<value>] was used to populate the object, check to make sure this command returns at least one valid object.
WARNING: [Vivado 12-584] No ports matched 'anode[0]'. [C:/Users/OAkun/Documents/GitHub/Asynchronous-FIFO/AsynchronousFIFOSystemVerilog/AsynchronousFIFOSystemVerilog.srcs/constrs_1/new/NEXYS4DDR.xdc:70]
CRITICAL WARNING: [Common 17-55] 'set_property' expects at least one object. [C:/Users/OAkun/Documents/GitHub/Asynchronous-FIFO/AsynchronousFIFOSystemVerilog/AsynchronousFIFOSystemVerilog.srcs/constrs_1/new/NEXYS4DDR.xdc:70]
Resolution: If [get_<value>] was used to populate the object, check to make sure this command returns at least one valid object.
WARNING: [Vivado 12-584] No ports matched 'anode[1]'. [C:/Users/OAkun/Documents/GitHub/Asynchronous-FIFO/AsynchronousFIFOSystemVerilog/AsynchronousFIFOSystemVerilog.srcs/constrs_1/new/NEXYS4DDR.xdc:71]
CRITICAL WARNING: [Common 17-55] 'set_property' expects at least one object. [C:/Users/OAkun/Documents/GitHub/Asynchronous-FIFO/AsynchronousFIFOSystemVerilog/AsynchronousFIFOSystemVerilog.srcs/constrs_1/new/NEXYS4DDR.xdc:71]
Resolution: If [get_<value>] was used to populate the object, check to make sure this command returns at least one valid object.
WARNING: [Vivado 12-584] No ports matched 'anode[2]'. [C:/Users/OAkun/Documents/GitHub/Asynchronous-FIFO/AsynchronousFIFOSystemVerilog/AsynchronousFIFOSystemVerilog.srcs/constrs_1/new/NEXYS4DDR.xdc:72]
CRITICAL WARNING: [Common 17-55] 'set_property' expects at least one object. [C:/Users/OAkun/Documents/GitHub/Asynchronous-FIFO/AsynchronousFIFOSystemVerilog/AsynchronousFIFOSystemVerilog.srcs/constrs_1/new/NEXYS4DDR.xdc:72]
Resolution: If [get_<value>] was used to populate the object, check to make sure this command returns at least one valid object.
WARNING: [Vivado 12-584] No ports matched 'anode[3]'. [C:/Users/OAkun/Documents/GitHub/Asynchronous-FIFO/AsynchronousFIFOSystemVerilog/AsynchronousFIFOSystemVerilog.srcs/constrs_1/new/NEXYS4DDR.xdc:73]
CRITICAL WARNING: [Common 17-55] 'set_property' expects at least one object. [C:/Users/OAkun/Documents/GitHub/Asynchronous-FIFO/AsynchronousFIFOSystemVerilog/AsynchronousFIFOSystemVerilog.srcs/constrs_1/new/NEXYS4DDR.xdc:73]
Resolution: If [get_<value>] was used to populate the object, check to make sure this command returns at least one valid object.
WARNING: [Vivado 12-584] No ports matched 'anode[4]'. [C:/Users/OAkun/Documents/GitHub/Asynchronous-FIFO/AsynchronousFIFOSystemVerilog/AsynchronousFIFOSystemVerilog.srcs/constrs_1/new/NEXYS4DDR.xdc:74]
CRITICAL WARNING: [Common 17-55] 'set_property' expects at least one object. [C:/Users/OAkun/Documents/GitHub/Asynchronous-FIFO/AsynchronousFIFOSystemVerilog/AsynchronousFIFOSystemVerilog.srcs/constrs_1/new/NEXYS4DDR.xdc:74]
Resolution: If [get_<value>] was used to populate the object, check to make sure this command returns at least one valid object.
WARNING: [Vivado 12-584] No ports matched 'anode[5]'. [C:/Users/OAkun/Documents/GitHub/Asynchronous-FIFO/AsynchronousFIFOSystemVerilog/AsynchronousFIFOSystemVerilog.srcs/constrs_1/new/NEXYS4DDR.xdc:75]
CRITICAL WARNING: [Common 17-55] 'set_property' expects at least one object. [C:/Users/OAkun/Documents/GitHub/Asynchronous-FIFO/AsynchronousFIFOSystemVerilog/AsynchronousFIFOSystemVerilog.srcs/constrs_1/new/NEXYS4DDR.xdc:75]
Resolution: If [get_<value>] was used to populate the object, check to make sure this command returns at least one valid object.
WARNING: [Vivado 12-584] No ports matched 'anode[6]'. [C:/Users/OAkun/Documents/GitHub/Asynchronous-FIFO/AsynchronousFIFOSystemVerilog/AsynchronousFIFOSystemVerilog.srcs/constrs_1/new/NEXYS4DDR.xdc:76]
CRITICAL WARNING: [Common 17-55] 'set_property' expects at least one object. [C:/Users/OAkun/Documents/GitHub/Asynchronous-FIFO/AsynchronousFIFOSystemVerilog/AsynchronousFIFOSystemVerilog.srcs/constrs_1/new/NEXYS4DDR.xdc:76]
Resolution: If [get_<value>] was used to populate the object, check to make sure this command returns at least one valid object.
WARNING: [Vivado 12-584] No ports matched 'anode[7]'. [C:/Users/OAkun/Documents/GitHub/Asynchronous-FIFO/AsynchronousFIFOSystemVerilog/AsynchronousFIFOSystemVerilog.srcs/constrs_1/new/NEXYS4DDR.xdc:77]
CRITICAL WARNING: [Common 17-55] 'set_property' expects at least one object. [C:/Users/OAkun/Documents/GitHub/Asynchronous-FIFO/AsynchronousFIFOSystemVerilog/AsynchronousFIFOSystemVerilog.srcs/constrs_1/new/NEXYS4DDR.xdc:77]
Resolution: If [get_<value>] was used to populate the object, check to make sure this command returns at least one valid object.
WARNING: [Vivado 12-584] No ports matched 'reset'. [C:/Users/OAkun/Documents/GitHub/Asynchronous-FIFO/AsynchronousFIFOSystemVerilog/AsynchronousFIFOSystemVerilog.srcs/constrs_1/new/NEXYS4DDR.xdc:85]
CRITICAL WARNING: [Common 17-55] 'set_property' expects at least one object. [C:/Users/OAkun/Documents/GitHub/Asynchronous-FIFO/AsynchronousFIFOSystemVerilog/AsynchronousFIFOSystemVerilog.srcs/constrs_1/new/NEXYS4DDR.xdc:85]
Resolution: If [get_<value>] was used to populate the object, check to make sure this command returns at least one valid object.
Finished Parsing XDC File [C:/Users/OAkun/Documents/GitHub/Asynchronous-FIFO/AsynchronousFIFOSystemVerilog/AsynchronousFIFOSystemVerilog.srcs/constrs_1/new/NEXYS4DDR.xdc]
INFO: [Project 1-236] Implementation specific constraints were found while reading constraint file [C:/Users/OAkun/Documents/GitHub/Asynchronous-FIFO/AsynchronousFIFOSystemVerilog/AsynchronousFIFOSystemVerilog.srcs/constrs_1/new/NEXYS4DDR.xdc]. These constraints will be ignored for synthesis but will be used in implementation. Impacted constraints are listed in the file [.Xil/fifo1_propImpl.xdc].
Resolution: To avoid this warning, move constraints listed in [.Xil/fifo1_propImpl.xdc] to another XDC file and exclude this new file from synthesis with the used_in_synthesis property (File Properties dialog in GUI) and re-run elaboration/synthesis.
Completed Processing XDC Constraints

Netlist sorting complete. Time (s): cpu = 00:00:00 ; elapsed = 00:00:00 . Memory (MB): peak = 1018.926 ; gain = 0.000
INFO: [Project 1-111] Unisim Transformation Summary:
No Unisim elements were transformed.

Constraint Validation Runtime : Time (s): cpu = 00:00:00 ; elapsed = 00:00:00.005 . Memory (MB): peak = 1018.926 ; gain = 0.000
---------------------------------------------------------------------------------
Finished Constraint Validation : Time (s): cpu = 00:00:10 ; elapsed = 00:00:13 . Memory (MB): peak = 1018.926 ; gain = 351.656
---------------------------------------------------------------------------------
---------------------------------------------------------------------------------
Start Loading Part and Timing Information
---------------------------------------------------------------------------------
Loading part: xc7a100tcsg324-1
---------------------------------------------------------------------------------
Finished Loading Part and Timing Information : Time (s): cpu = 00:00:10 ; elapsed = 00:00:13 . Memory (MB): peak = 1018.926 ; gain = 351.656
---------------------------------------------------------------------------------
---------------------------------------------------------------------------------
Start Applying 'set_property' XDC Constraints
---------------------------------------------------------------------------------
---------------------------------------------------------------------------------
Finished applying 'set_property' XDC Constraints : Time (s): cpu = 00:00:10 ; elapsed = 00:00:13 . Memory (MB): peak = 1018.926 ; gain = 351.656
---------------------------------------------------------------------------------
---------------------------------------------------------------------------------
Finished RTL Optimization Phase 2 : Time (s): cpu = 00:00:10 ; elapsed = 00:00:13 . Memory (MB): peak = 1018.926 ; gain = 351.656
---------------------------------------------------------------------------------

Report RTL Partitions: 
+-+--------------+------------+----------+
| |RTL Partition |Replication |Instances |
+-+--------------+------------+----------+
+-+--------------+------------+----------+
---------------------------------------------------------------------------------
Start RTL Component Statistics 
---------------------------------------------------------------------------------
Detailed RTL Component Info : 
+---Adders : 
	   2 Input      5 Bit       Adders := 4     
+---XORs : 
	   2 Input      5 Bit         XORs := 2     
+---Registers : 
	                5 Bit    Registers := 8     
	                1 Bit    Registers := 2     
+---RAMs : 
	              128 Bit         RAMs := 1     
---------------------------------------------------------------------------------
Finished RTL Component Statistics 
---------------------------------------------------------------------------------
---------------------------------------------------------------------------------
Start RTL Hierarchical Component Statistics 
---------------------------------------------------------------------------------
Hierarchical RTL Component report 
Module sync_r2w 
Detailed RTL Component Info : 
+---Registers : 
	                5 Bit    Registers := 2     
Module sync_w2r 
Detailed RTL Component Info : 
+---Registers : 
	                5 Bit    Registers := 2     
Module fifomem 
Detailed RTL Component Info : 
+---RAMs : 
	              128 Bit         RAMs := 1     
Module rptr_empty 
Detailed RTL Component Info : 
+---Adders : 
	   2 Input      5 Bit       Adders := 2     
+---XORs : 
	   2 Input      5 Bit         XORs := 1     
+---Registers : 
	                5 Bit    Registers := 2     
	                1 Bit    Registers := 1     
Module wptr_full 
Detailed RTL Component Info : 
+---Adders : 
	   2 Input      5 Bit       Adders := 2     
+---XORs : 
	   2 Input      5 Bit         XORs := 1     
+---Registers : 
	                5 Bit    Registers := 2     
	                1 Bit    Registers := 1     
---------------------------------------------------------------------------------
Finished RTL Hierarchical Component Statistics
---------------------------------------------------------------------------------
---------------------------------------------------------------------------------
Start Part Resource Summary
---------------------------------------------------------------------------------
Part Resources:
DSPs: 240 (col length:80)
BRAMs: 270 (col length: RAMB18 80 RAMB36 40)
---------------------------------------------------------------------------------
Finished Part Resource Summary
---------------------------------------------------------------------------------
---------------------------------------------------------------------------------
Start Cross Boundary and Area Optimization
---------------------------------------------------------------------------------
Warning: Parallel synthesis criteria is not met 
---------------------------------------------------------------------------------
Finished Cross Boundary and Area Optimization : Time (s): cpu = 00:00:11 ; elapsed = 00:00:15 . Memory (MB): peak = 1018.926 ; gain = 351.656
---------------------------------------------------------------------------------
---------------------------------------------------------------------------------
Start ROM, RAM, DSP and Shift Register Reporting
---------------------------------------------------------------------------------

Distributed RAM: Preliminary Mapping  Report (see note below)
+------------+-----------------+-----------+----------------------+--------------+
|Module Name | RTL Object      | Inference | Size (Depth x Width) | Primitives   | 
+------------+-----------------+-----------+----------------------+--------------+
|fifo1       | fifomem/mem_reg | Implied   | 16 x 8               | RAM32M x 2   | 
+------------+-----------------+-----------+----------------------+--------------+

Note: The table above is a preliminary report that shows the Distributed RAMs at the current stage of the synthesis flow. Some Distributed RAMs may be reimplemented as non Distributed RAM primitives later in the synthesis flow. Multiple instantiated RAMs are reported only once.
---------------------------------------------------------------------------------
Finished ROM, RAM, DSP and Shift Register Reporting
---------------------------------------------------------------------------------

Report RTL Partitions: 
+-+--------------+------------+----------+
| |RTL Partition |Replication |Instances |
+-+--------------+------------+----------+
+-+--------------+------------+----------+
---------------------------------------------------------------------------------
Start Applying XDC Timing Constraints
---------------------------------------------------------------------------------
---------------------------------------------------------------------------------
Finished Applying XDC Timing Constraints : Time (s): cpu = 00:00:18 ; elapsed = 00:00:22 . Memory (MB): peak = 1018.926 ; gain = 351.656
---------------------------------------------------------------------------------
---------------------------------------------------------------------------------
Start Timing Optimization
---------------------------------------------------------------------------------
---------------------------------------------------------------------------------
Finished Timing Optimization : Time (s): cpu = 00:00:18 ; elapsed = 00:00:22 . Memory (MB): peak = 1018.926 ; gain = 351.656
---------------------------------------------------------------------------------
---------------------------------------------------------------------------------
Start ROM, RAM, DSP and Shift Register Reporting
---------------------------------------------------------------------------------

Distributed RAM: Final Mapping  Report
+------------+-----------------+-----------+----------------------+--------------+
|Module Name | RTL Object      | Inference | Size (Depth x Width) | Primitives   | 
+------------+-----------------+-----------+----------------------+--------------+
|fifo1       | fifomem/mem_reg | Implied   | 16 x 8               | RAM32M x 2   | 
+------------+-----------------+-----------+----------------------+--------------+

---------------------------------------------------------------------------------
Finished ROM, RAM, DSP and Shift Register Reporting
---------------------------------------------------------------------------------

Report RTL Partitions: 
+-+--------------+------------+----------+
| |RTL Partition |Replication |Instances |
+-+--------------+------------+----------+
+-+--------------+------------+----------+
---------------------------------------------------------------------------------
Start Technology Mapping
---------------------------------------------------------------------------------
INFO: [Synth 8-3886] merging instance 'wptr_full/wptr_full_mod\.wptr_reg[4]' (FDC) to 'wptr_full/wbin_reg[4]'
INFO: [Synth 8-3886] merging instance 'rptr_empty/rptr_empty_mod\.rptr_reg[4]' (FDC) to 'rptr_empty/rbin_reg[4]'
---------------------------------------------------------------------------------
Finished Technology Mapping : Time (s): cpu = 00:00:18 ; elapsed = 00:00:22 . Memory (MB): peak = 1018.926 ; gain = 351.656
---------------------------------------------------------------------------------

Report RTL Partitions: 
+-+--------------+------------+----------+
| |RTL Partition |Replication |Instances |
+-+--------------+------------+----------+
+-+--------------+------------+----------+
---------------------------------------------------------------------------------
Start IO Insertion
---------------------------------------------------------------------------------
---------------------------------------------------------------------------------
Start Flattening Before IO Insertion
---------------------------------------------------------------------------------
---------------------------------------------------------------------------------
Finished Flattening Before IO Insertion
---------------------------------------------------------------------------------
---------------------------------------------------------------------------------
Start Final Netlist Cleanup
---------------------------------------------------------------------------------
---------------------------------------------------------------------------------
Finished Final Netlist Cleanup
---------------------------------------------------------------------------------
---------------------------------------------------------------------------------
Finished IO Insertion : Time (s): cpu = 00:00:20 ; elapsed = 00:00:24 . Memory (MB): peak = 1028.816 ; gain = 361.547
---------------------------------------------------------------------------------

Report Check Netlist: 
+------+------------------+-------+---------+-------+------------------+
|      |Item              |Errors |Warnings |Status |Description       |
+------+------------------+-------+---------+-------+------------------+
|1     |multi_driven_nets |      0|        0|Passed |Multi driven nets |
+------+------------------+-------+---------+-------+------------------+
---------------------------------------------------------------------------------
Start Renaming Generated Instances
---------------------------------------------------------------------------------
---------------------------------------------------------------------------------
Finished Renaming Generated Instances : Time (s): cpu = 00:00:20 ; elapsed = 00:00:24 . Memory (MB): peak = 1028.816 ; gain = 361.547
---------------------------------------------------------------------------------

Report RTL Partitions: 
+-+--------------+------------+----------+
| |RTL Partition |Replication |Instances |
+-+--------------+------------+----------+
+-+--------------+------------+----------+
---------------------------------------------------------------------------------
Start Rebuilding User Hierarchy
---------------------------------------------------------------------------------
---------------------------------------------------------------------------------
Finished Rebuilding User Hierarchy : Time (s): cpu = 00:00:20 ; elapsed = 00:00:24 . Memory (MB): peak = 1028.816 ; gain = 361.547
---------------------------------------------------------------------------------
---------------------------------------------------------------------------------
Start Renaming Generated Ports
---------------------------------------------------------------------------------
---------------------------------------------------------------------------------
Finished Renaming Generated Ports : Time (s): cpu = 00:00:20 ; elapsed = 00:00:24 . Memory (MB): peak = 1028.816 ; gain = 361.547
---------------------------------------------------------------------------------
---------------------------------------------------------------------------------
Start Handling Custom Attributes
---------------------------------------------------------------------------------
---------------------------------------------------------------------------------
Finished Handling Custom Attributes : Time (s): cpu = 00:00:20 ; elapsed = 00:00:24 . Memory (MB): peak = 1028.816 ; gain = 361.547
---------------------------------------------------------------------------------
---------------------------------------------------------------------------------
Start Renaming Generated Nets
---------------------------------------------------------------------------------
---------------------------------------------------------------------------------
Finished Renaming Generated Nets : Time (s): cpu = 00:00:20 ; elapsed = 00:00:24 . Memory (MB): peak = 1028.816 ; gain = 361.547
---------------------------------------------------------------------------------
---------------------------------------------------------------------------------
Start Writing Synthesis Report
---------------------------------------------------------------------------------

Report BlackBoxes: 
+-+--------------+----------+
| |BlackBox name |Instances |
+-+--------------+----------+
+-+--------------+----------+

Report Cell Usage: 
+------+-------+------+
|      |Cell   |Count |
+------+-------+------+
|1     |BUFG   |     2|
|2     |LUT1   |     2|
|3     |LUT2   |     1|
|4     |LUT3   |     4|
|5     |LUT4   |     4|
|6     |LUT5   |     6|
|7     |LUT6   |    10|
|8     |RAM32M |     2|
|9     |FDCE   |    39|
|10    |FDPE   |     1|
|11    |IBUF   |    14|
|12    |OBUF   |    10|
+------+-------+------+

Report Instance Areas: 
+------+-------------+-----------+------+
|      |Instance     |Module     |Cells |
+------+-------------+-----------+------+
|1     |top          |           |    95|
|2     |  fifomem    |fifomem    |     2|
|3     |  rptr_empty |rptr_empty |    23|
|4     |  sync_r2w   |sync_r2w   |    10|
|5     |  sync_w2r   |sync_w2r   |    10|
|6     |  wptr_full  |wptr_full  |    24|
+------+-------------+-----------+------+
---------------------------------------------------------------------------------
Finished Writing Synthesis Report : Time (s): cpu = 00:00:20 ; elapsed = 00:00:24 . Memory (MB): peak = 1028.816 ; gain = 361.547
---------------------------------------------------------------------------------
Synthesis finished with 0 errors, 0 critical warnings and 0 warnings.
Synthesis Optimization Runtime : Time (s): cpu = 00:00:15 ; elapsed = 00:00:20 . Memory (MB): peak = 1028.816 ; gain = 251.906
Synthesis Optimization Complete : Time (s): cpu = 00:00:21 ; elapsed = 00:00:24 . Memory (MB): peak = 1028.816 ; gain = 361.547
INFO: [Project 1-571] Translating synthesized netlist
INFO: [Netlist 29-17] Analyzing 2 Unisim elements for replacement
INFO: [Netlist 29-28] Unisim Transformation completed in 0 CPU seconds
INFO: [Project 1-570] Preparing netlist for logic optimization
INFO: [Opt 31-138] Pushed 0 inverter(s) to 0 load pin(s).
Netlist sorting complete. Time (s): cpu = 00:00:00 ; elapsed = 00:00:00 . Memory (MB): peak = 1044.137 ; gain = 0.000
INFO: [Project 1-111] Unisim Transformation Summary:
  A total of 2 instances were transformed.
  RAM32M => RAM32M (RAMD32, RAMD32, RAMD32, RAMD32, RAMD32, RAMD32, RAMS32, RAMS32): 2 instances

INFO: [Common 17-83] Releasing license: Synthesis
29 Infos, 118 Warnings, 17 Critical Warnings and 0 Errors encountered.
synth_design completed successfully
synth_design: Time (s): cpu = 00:00:27 ; elapsed = 00:00:33 . Memory (MB): peak = 1044.137 ; gain = 646.711
Netlist sorting complete. Time (s): cpu = 00:00:00 ; elapsed = 00:00:00 . Memory (MB): peak = 1044.137 ; gain = 0.000
WARNING: [Constraints 18-5210] No constraints selected for write.
Resolution: This message can indicate that there are no constraints for the design, or it can indicate that the used_in flags are set such that the constraints are ignored. This later case is used when running synth_design to not write synthesis constraints to the resulting checkpoint. Instead, project constraints are read when the synthesized design is opened.
INFO: [Common 17-1381] The checkpoint 'C:/Users/OAkun/Documents/GitHub/Asynchronous-FIFO/AsynchronousFIFOSystemVerilog/AsynchronousFIFOSystemVerilog.runs/synth_1/fifo1.dcp' has been generated.
INFO: [runtcl-4] Executing : report_utilization -file fifo1_utilization_synth.rpt -pb fifo1_utilization_synth.pb
INFO: [Common 17-206] Exiting Vivado at Wed Apr  6 12:37:36 2022...
